Unsupposrted library path: /home/runner/work/MrCrayfishDeviceMod/MrCrayfishDeviceMod/build/classes/api
Unsupposrted library path: /home/runner/work/MrCrayfishDeviceMod/MrCrayfishDeviceMod/build/resources/api
Symbol range map extraction starting
Processing 244 files
startProcessing "com/mrcrayfish/device/DeviceConfig.java" md5: 3375cf1dca3594bf14f4956a27f9d27a
endProcessing "com/mrcrayfish/device/DeviceConfig.java"

startProcessing "com/mrcrayfish/device/DeviceTab.java" md5: 675457bf52e63966a1d8359017ce1283
endProcessing "com/mrcrayfish/device/DeviceTab.java"

startProcessing "com/mrcrayfish/device/LaunchException.java" md5: 51461ddb721365fb2918402b48124abe
endProcessing "com/mrcrayfish/device/LaunchException.java"

startProcessing "com/mrcrayfish/device/MrCrayfishDeviceMod.java" md5: 901d74a6dd1e223b373bc903e5855e71
endProcessing "com/mrcrayfish/device/MrCrayfishDeviceMod.java"

startProcessing "com/mrcrayfish/device/Reference.java" md5: 8cb7eac0ede7478fc140333d4a1f04bc
endProcessing "com/mrcrayfish/device/Reference.java"

startProcessing "com/mrcrayfish/device/api/ApplicationManager.java" md5: 4c23d43e0c70c02ae46ba31e277d4533
endProcessing "com/mrcrayfish/device/api/ApplicationManager.java"

startProcessing "com/mrcrayfish/device/api/app/Alphabet.java" md5: 5f7d42a5964f84a8b6dac302770a692f
endProcessing "com/mrcrayfish/device/api/app/Alphabet.java"

startProcessing "com/mrcrayfish/device/api/app/Application.java" md5: eec2f818b7ddbe0ee2432571309031ef
endProcessing "com/mrcrayfish/device/api/app/Application.java"

startProcessing "com/mrcrayfish/device/api/app/Component.java" md5: 439195b5225b49d784dea3267122def9
endProcessing "com/mrcrayfish/device/api/app/Component.java"

startProcessing "com/mrcrayfish/device/api/app/Dialog.java" md5: d336d6f0c538c04cdf9e082919ac49eb
endProcessing "com/mrcrayfish/device/api/app/Dialog.java"

startProcessing "com/mrcrayfish/device/api/app/IIcon.java" md5: 2c362b03815f283d85d2cad07ec76bac
endProcessing "com/mrcrayfish/device/api/app/IIcon.java"

startProcessing "com/mrcrayfish/device/api/app/Icons.java" md5: a866cc02947f8e990da3585f87556ef0
endProcessing "com/mrcrayfish/device/api/app/Icons.java"

startProcessing "com/mrcrayfish/device/api/app/Layout.java" md5: 8f06991f2cfe1a0c67083f98bcf7280c
endProcessing "com/mrcrayfish/device/api/app/Layout.java"

startProcessing "com/mrcrayfish/device/api/app/Notification.java" md5: 78c2c1c301a47ae41fcb9a6238f6a8ec
endProcessing "com/mrcrayfish/device/api/app/Notification.java"

startProcessing "com/mrcrayfish/device/api/app/ScrollableLayout.java" md5: 4f56df49e2d174c99613e1a02e11b5f6
endProcessing "com/mrcrayfish/device/api/app/ScrollableLayout.java"

startProcessing "com/mrcrayfish/device/api/app/System.java" md5: 59559171be84ca6bdce714d9918d7ffb
endProcessing "com/mrcrayfish/device/api/app/System.java"

startProcessing "com/mrcrayfish/device/api/app/component/Button.java" md5: 9751c0e4e4bf9858866aaf4a765704cc
endProcessing "com/mrcrayfish/device/api/app/component/Button.java"

startProcessing "com/mrcrayfish/device/api/app/component/ButtonToggle.java" md5: 06a2f8c9af6bb34b4e7a382b9a1b807f
endProcessing "com/mrcrayfish/device/api/app/component/ButtonToggle.java"

startProcessing "com/mrcrayfish/device/api/app/component/CheckBox.java" md5: 3730604da0ed601e1a5d976ac3825c57
endProcessing "com/mrcrayfish/device/api/app/component/CheckBox.java"

startProcessing "com/mrcrayfish/device/api/app/component/ComboBox.java" md5: 1f32c8c931970da542f26692914fb0b0
endProcessing "com/mrcrayfish/device/api/app/component/ComboBox.java"

startProcessing "com/mrcrayfish/device/api/app/component/Image.java" md5: 342def15611249e6d631ec6af51d394a
endProcessing "com/mrcrayfish/device/api/app/component/Image.java"

startProcessing "com/mrcrayfish/device/api/app/component/Inventory.java" md5: d889f373239941b00e3898f08121da97
endProcessing "com/mrcrayfish/device/api/app/component/Inventory.java"

startProcessing "com/mrcrayfish/device/api/app/component/ItemList.java" md5: 7cc96cf7b006b79ecbc264ee5d8405e7
endProcessing "com/mrcrayfish/device/api/app/component/ItemList.java"

startProcessing "com/mrcrayfish/device/api/app/component/Label.java" md5: 5c1b3317342994eddecac8f356c753b1
endProcessing "com/mrcrayfish/device/api/app/component/Label.java"

startProcessing "com/mrcrayfish/device/api/app/component/NumberSelector.java" md5: 07edb024c269860be350541ef6094a47
endProcessing "com/mrcrayfish/device/api/app/component/NumberSelector.java"

startProcessing "com/mrcrayfish/device/api/app/component/ProgressBar.java" md5: 933e3b2c5642e3ef9e8ab89d7bffd849
endProcessing "com/mrcrayfish/device/api/app/component/ProgressBar.java"

startProcessing "com/mrcrayfish/device/api/app/component/RadioGroup.java" md5: 59c4cabb73157e8819aa9276fa7dd47e
endProcessing "com/mrcrayfish/device/api/app/component/RadioGroup.java"

startProcessing "com/mrcrayfish/device/api/app/component/Slider.java" md5: 6879625b5c63180c0f8fb52d90369076
endProcessing "com/mrcrayfish/device/api/app/component/Slider.java"

startProcessing "com/mrcrayfish/device/api/app/component/Spinner.java" md5: 54bde1ce9d8467bc62fedefb39a08e73
endProcessing "com/mrcrayfish/device/api/app/component/Spinner.java"

startProcessing "com/mrcrayfish/device/api/app/component/Text.java" md5: 0428037c48079e020a7af7fdf8434b99
endProcessing "com/mrcrayfish/device/api/app/component/Text.java"

startProcessing "com/mrcrayfish/device/api/app/component/TextArea.java" md5: e6af5b63934fa9d9a2c294de00305d28
endProcessing "com/mrcrayfish/device/api/app/component/TextArea.java"

startProcessing "com/mrcrayfish/device/api/app/component/TextField.java" md5: c915948af54c7ebbef31f512ce8b5cb6
endProcessing "com/mrcrayfish/device/api/app/component/TextField.java"

startProcessing "com/mrcrayfish/device/api/app/interfaces/IHighlight.java" md5: 86d2886def2bf1311e4f8d03a322b1db
endProcessing "com/mrcrayfish/device/api/app/interfaces/IHighlight.java"

startProcessing "com/mrcrayfish/device/api/app/listener/ChangeListener.java" md5: 757498969908d9b536e8aa94cb26b87c
endProcessing "com/mrcrayfish/device/api/app/listener/ChangeListener.java"

startProcessing "com/mrcrayfish/device/api/app/listener/ClickListener.java" md5: 756060ee99619034d9dd75de08923199
endProcessing "com/mrcrayfish/device/api/app/listener/ClickListener.java"

startProcessing "com/mrcrayfish/device/api/app/listener/InitListener.java" md5: f469d714e08738e9dc369f31b49f71aa
endProcessing "com/mrcrayfish/device/api/app/listener/InitListener.java"

startProcessing "com/mrcrayfish/device/api/app/listener/ItemClickListener.java" md5: 2567f71e81a1fe111a4b8e8ff1422126
endProcessing "com/mrcrayfish/device/api/app/listener/ItemClickListener.java"

startProcessing "com/mrcrayfish/device/api/app/listener/KeyListener.java" md5: a0dc899198f8236a48fb5d75d615f7d8
endProcessing "com/mrcrayfish/device/api/app/listener/KeyListener.java"

startProcessing "com/mrcrayfish/device/api/app/listener/ReleaseListener.java" md5: 64a4eb677daa983e9144f38de6d94cbe
endProcessing "com/mrcrayfish/device/api/app/listener/ReleaseListener.java"

startProcessing "com/mrcrayfish/device/api/app/listener/SlideListener.java" md5: 5ace8d69f913a7d7b9a13817b8c7ba66
endProcessing "com/mrcrayfish/device/api/app/listener/SlideListener.java"

startProcessing "com/mrcrayfish/device/api/app/renderer/ItemRenderer.java" md5: 5fc8485ea83a80cee0cfd284d73e8b93
endProcessing "com/mrcrayfish/device/api/app/renderer/ItemRenderer.java"

startProcessing "com/mrcrayfish/device/api/app/renderer/ListItemRenderer.java" md5: a55095ebfe26ac6e72e768c37921ebe5
endProcessing "com/mrcrayfish/device/api/app/renderer/ListItemRenderer.java"

startProcessing "com/mrcrayfish/device/api/io/Drive.java" md5: d0dc0cf647f5cf1e5b0232018a4f593b
endProcessing "com/mrcrayfish/device/api/io/Drive.java"

startProcessing "com/mrcrayfish/device/api/io/File.java" md5: 79e6b52fd0c29300e5faaa4d6eabc4d8
endProcessing "com/mrcrayfish/device/api/io/File.java"

startProcessing "com/mrcrayfish/device/api/io/Folder.java" md5: 2fcd66ba7db024f8cb374588c53f7c92
endProcessing "com/mrcrayfish/device/api/io/Folder.java"

startProcessing "com/mrcrayfish/device/api/print/IPrint.java" md5: 106c6fec67b100d5ed07bd6660178b53
endProcessing "com/mrcrayfish/device/api/print/IPrint.java"

startProcessing "com/mrcrayfish/device/api/print/PrintingManager.java" md5: 47c9a1031e7a69f4b4573677c04ac582
endProcessing "com/mrcrayfish/device/api/print/PrintingManager.java"

startProcessing "com/mrcrayfish/device/api/task/Callback.java" md5: c23daafc934e287755678c4ebf610483
endProcessing "com/mrcrayfish/device/api/task/Callback.java"

startProcessing "com/mrcrayfish/device/api/task/Task.java" md5: d7a8d7b1b95fedf0959b2d03bf0fc15e
endProcessing "com/mrcrayfish/device/api/task/Task.java"

startProcessing "com/mrcrayfish/device/api/task/TaskManager.java" md5: 582cd2f66f4a7cf2c0b50cca1df634c3
endProcessing "com/mrcrayfish/device/api/task/TaskManager.java"

startProcessing "com/mrcrayfish/device/api/utils/BankUtil.java" md5: ea017a6d9ccf669e7a6fa8789aed6396
endProcessing "com/mrcrayfish/device/api/utils/BankUtil.java"

startProcessing "com/mrcrayfish/device/api/utils/OnlineRequest.java" md5: a4e31547b5ee56c262e01d788823709c
endProcessing "com/mrcrayfish/device/api/utils/OnlineRequest.java"

startProcessing "com/mrcrayfish/device/api/utils/RenderUtil.java" md5: d3b458105d01dd6a79e4dc63c1caabb5
endProcessing "com/mrcrayfish/device/api/utils/RenderUtil.java"

startProcessing "com/mrcrayfish/device/block/BlockDevice.java" md5: 4a78dc850fe6980f57adf89c069c81f0
endProcessing "com/mrcrayfish/device/block/BlockDevice.java"

startProcessing "com/mrcrayfish/device/block/BlockLaptop.java" md5: 22a420a08e9659dd460e984848c8df3b
endProcessing "com/mrcrayfish/device/block/BlockLaptop.java"

startProcessing "com/mrcrayfish/device/block/BlockNetStorage.java" md5: c86cd8198ce487f93af45167cf1f4c51
endProcessing "com/mrcrayfish/device/block/BlockNetStorage.java"

startProcessing "com/mrcrayfish/device/block/BlockOfficeChair.java" md5: de39ebad45299a60d60612dbefbfe93c
endProcessing "com/mrcrayfish/device/block/BlockOfficeChair.java"

startProcessing "com/mrcrayfish/device/block/BlockPaper.java" md5: bd1fcb6f3501941ce1c458b706017be4
endProcessing "com/mrcrayfish/device/block/BlockPaper.java"

startProcessing "com/mrcrayfish/device/block/BlockPrinter.java" md5: 5a91f5e40cb9a8bf2bbcbbc06781fa91
endProcessing "com/mrcrayfish/device/block/BlockPrinter.java"

startProcessing "com/mrcrayfish/device/block/BlockRouter.java" md5: 646c470db7d41efc3e612d0987a44fbb
endProcessing "com/mrcrayfish/device/block/BlockRouter.java"

startProcessing "com/mrcrayfish/device/core/Device.java" md5: 5b9387b644eb321feba2c8d5a5200a1f
endProcessing "com/mrcrayfish/device/core/Device.java"

startProcessing "com/mrcrayfish/device/core/Laptop.java" md5: abdcb3fa82215b7a745fd422a51c5ae6
endProcessing "com/mrcrayfish/device/core/Laptop.java"

startProcessing "com/mrcrayfish/device/core/Printer.java" md5: 476e96bdf1c4ed753cc579e41a88304f
endProcessing "com/mrcrayfish/device/core/Printer.java"

startProcessing "com/mrcrayfish/device/core/Settings.java" md5: e8b4521e11c3bd28a3ecf9e635eb51be
endProcessing "com/mrcrayfish/device/core/Settings.java"

startProcessing "com/mrcrayfish/device/core/TaskBar.java" md5: 86d465d5c3ff5103f487446fce666728
endProcessing "com/mrcrayfish/device/core/TaskBar.java"

startProcessing "com/mrcrayfish/device/core/Window.java" md5: c0bae63b56fd6ab954b78d6feaf13552
endProcessing "com/mrcrayfish/device/core/Window.java"

startProcessing "com/mrcrayfish/device/core/Wrappable.java" md5: aab2d1bc5ae04ee476aed29de9a953dc
endProcessing "com/mrcrayfish/device/core/Wrappable.java"

startProcessing "com/mrcrayfish/device/core/client/ClientNotification.java" md5: 2ecea50c686cae1e651e84dc42ca9c34
endProcessing "com/mrcrayfish/device/core/client/ClientNotification.java"

startProcessing "com/mrcrayfish/device/core/client/LaptopFontRenderer.java" md5: fe3e346227b7d7cbd9657fd3416589af
endProcessing "com/mrcrayfish/device/core/client/LaptopFontRenderer.java"

startProcessing "com/mrcrayfish/device/core/io/FileSystem.java" md5: f7abeb421f6b4bfe0633a666acb2a426
endProcessing "com/mrcrayfish/device/core/io/FileSystem.java"

startProcessing "com/mrcrayfish/device/core/io/ServerFile.java" md5: 15352fd77ae1969eaec4b2a6d920f6f4
endProcessing "com/mrcrayfish/device/core/io/ServerFile.java"

startProcessing "com/mrcrayfish/device/core/io/ServerFolder.java" md5: e8a240441b269e924dc4e62919a6e745
endProcessing "com/mrcrayfish/device/core/io/ServerFolder.java"

startProcessing "com/mrcrayfish/device/core/io/action/FileAction.java" md5: ba69cba1e89fd05a656cb30c2674a51c
endProcessing "com/mrcrayfish/device/core/io/action/FileAction.java"

startProcessing "com/mrcrayfish/device/core/io/drive/AbstractDrive.java" md5: 161bb96387752e5a59d1e856aee09c81
endProcessing "com/mrcrayfish/device/core/io/drive/AbstractDrive.java"

startProcessing "com/mrcrayfish/device/core/io/drive/ExternalDrive.java" md5: 25b4e00e38021834ecee20b4bd146fd7
endProcessing "com/mrcrayfish/device/core/io/drive/ExternalDrive.java"

startProcessing "com/mrcrayfish/device/core/io/drive/InternalDrive.java" md5: 70b976ecf6c21f29c6a07175a8b90f1d
endProcessing "com/mrcrayfish/device/core/io/drive/InternalDrive.java"

startProcessing "com/mrcrayfish/device/core/io/drive/NetworkDrive.java" md5: 59e017d4b4092c95d615e204ace2963a
endProcessing "com/mrcrayfish/device/core/io/drive/NetworkDrive.java"

startProcessing "com/mrcrayfish/device/core/io/task/TaskGetFiles.java" md5: 82aecffb6b1b64637559391ca994424b
endProcessing "com/mrcrayfish/device/core/io/task/TaskGetFiles.java"

startProcessing "com/mrcrayfish/device/core/io/task/TaskGetMainDrive.java" md5: e47b3985081a01056ca4e41a31796d4b
endProcessing "com/mrcrayfish/device/core/io/task/TaskGetMainDrive.java"

startProcessing "com/mrcrayfish/device/core/io/task/TaskGetStructure.java" md5: af475b7450da0c50e10330d118b43740
endProcessing "com/mrcrayfish/device/core/io/task/TaskGetStructure.java"

startProcessing "com/mrcrayfish/device/core/io/task/TaskSendAction.java" md5: d4fd31ddcfef034df46605084fbf63b1
endProcessing "com/mrcrayfish/device/core/io/task/TaskSendAction.java"

startProcessing "com/mrcrayfish/device/core/io/task/TaskSetupFileBrowser.java" md5: 332f214e73ab72428174b8274dd09bce
endProcessing "com/mrcrayfish/device/core/io/task/TaskSetupFileBrowser.java"

startProcessing "com/mrcrayfish/device/core/network/Connection.java" md5: 676c4863167b442202f0a56989430f8d
endProcessing "com/mrcrayfish/device/core/network/Connection.java"

startProcessing "com/mrcrayfish/device/core/network/IDevice.java" md5: 997657bc685a799ba52573a5c710c4f6
endProcessing "com/mrcrayfish/device/core/network/IDevice.java"

startProcessing "com/mrcrayfish/device/core/network/NetworkDevice.java" md5: f0cb34617e274e8aa2ffa5e03b96715d
endProcessing "com/mrcrayfish/device/core/network/NetworkDevice.java"

startProcessing "com/mrcrayfish/device/core/network/Router.java" md5: c4df85659dfda58d8973670480a42c79
endProcessing "com/mrcrayfish/device/core/network/Router.java"

startProcessing "com/mrcrayfish/device/core/network/TrayItemWifi.java" md5: a5b84ca4ad021c3233fc7f26fe9555b6
endProcessing "com/mrcrayfish/device/core/network/TrayItemWifi.java"

startProcessing "com/mrcrayfish/device/core/network/task/TaskConnect.java" md5: f572392d646b69b50a21c14356b5b82a
endProcessing "com/mrcrayfish/device/core/network/task/TaskConnect.java"

startProcessing "com/mrcrayfish/device/core/network/task/TaskGetDevices.java" md5: 2bda0ec85937ef506e88351c5f8cf2a5
endProcessing "com/mrcrayfish/device/core/network/task/TaskGetDevices.java"

startProcessing "com/mrcrayfish/device/core/network/task/TaskPing.java" md5: 44c28a3fb741d3c9b6d6b63838aedd91
endProcessing "com/mrcrayfish/device/core/network/task/TaskPing.java"

startProcessing "com/mrcrayfish/device/core/print/task/TaskPrint.java" md5: 21a05c319801e98ac6e30684259d69c0
endProcessing "com/mrcrayfish/device/core/print/task/TaskPrint.java"

startProcessing "com/mrcrayfish/device/core/task/TaskInstallApp.java" md5: 9ee3f0a20e3ff74fd4e3a9e309c66203
endProcessing "com/mrcrayfish/device/core/task/TaskInstallApp.java"

startProcessing "com/mrcrayfish/device/entity/EntitySeat.java" md5: f6aeedda5c8e3efc6c4c2a61b1ff1e34
endProcessing "com/mrcrayfish/device/entity/EntitySeat.java"

startProcessing "com/mrcrayfish/device/event/BankEvents.java" md5: 27edb9458ed684e8998e4e5586ccb67a
endProcessing "com/mrcrayfish/device/event/BankEvents.java"

startProcessing "com/mrcrayfish/device/event/EmailEvents.java" md5: 465c480762afca84e72fef0264d3d912
endProcessing "com/mrcrayfish/device/event/EmailEvents.java"

startProcessing "com/mrcrayfish/device/event/WorldEvents.java" md5: 0038d840aa694a3b29659fe6abcc425a
endProcessing "com/mrcrayfish/device/event/WorldEvents.java"

startProcessing "com/mrcrayfish/device/gui/GuiButtonClose.java" md5: ac849c06718320852f0b4ec3b2240568
endProcessing "com/mrcrayfish/device/gui/GuiButtonClose.java"

startProcessing "com/mrcrayfish/device/gui/GuiHandler.java" md5: e3d7baa927c0381b343b3c33d693fb02
endProcessing "com/mrcrayfish/device/gui/GuiHandler.java"

startProcessing "com/mrcrayfish/device/init/DeviceBlocks.java" md5: f77fa1b4bd35c500b75bc7bcfa23ad9c
endProcessing "com/mrcrayfish/device/init/DeviceBlocks.java"

startProcessing "com/mrcrayfish/device/init/DeviceCrafting.java" md5: fad1f997402357278e449cfd12c563cc
endProcessing "com/mrcrayfish/device/init/DeviceCrafting.java"

startProcessing "com/mrcrayfish/device/init/DeviceItems.java" md5: feeee9cd9d53dc5cc9b012283fdcae23
endProcessing "com/mrcrayfish/device/init/DeviceItems.java"

startProcessing "com/mrcrayfish/device/init/DeviceSounds.java" md5: 69898d6a55028b983aa6cd5d5a74d1b2
endProcessing "com/mrcrayfish/device/init/DeviceSounds.java"

startProcessing "com/mrcrayfish/device/init/DeviceTileEntites.java" md5: e83508fcb8d4db1f73e16a6f5cce0dc3
endProcessing "com/mrcrayfish/device/init/DeviceTileEntites.java"

startProcessing "com/mrcrayfish/device/init/RegistrationHandler.java" md5: 03c351f44791d34bb1fa07943d5d432f
endProcessing "com/mrcrayfish/device/init/RegistrationHandler.java"

startProcessing "com/mrcrayfish/device/item/ItemBasic.java" md5: bf7ba7a04b9ef5c3e42056ae896176b1
endProcessing "com/mrcrayfish/device/item/ItemBasic.java"

startProcessing "com/mrcrayfish/device/item/ItemColoredDevice.java" md5: 9ed97dd56d84226f389f12f57ad161ab
endProcessing "com/mrcrayfish/device/item/ItemColoredDevice.java"

startProcessing "com/mrcrayfish/device/item/ItemComponent.java" md5: 6d7549694246950ea1cb5160e5d48afe
endProcessing "com/mrcrayfish/device/item/ItemComponent.java"

startProcessing "com/mrcrayfish/device/item/ItemDevice.java" md5: d0e23ac4fc58085f2c9ba53da1c962fe
endProcessing "com/mrcrayfish/device/item/ItemDevice.java"

startProcessing "com/mrcrayfish/device/item/ItemEthernetCable.java" md5: 5d719052e2acecc53aaf285d5d893026
endProcessing "com/mrcrayfish/device/item/ItemEthernetCable.java"

startProcessing "com/mrcrayfish/device/item/ItemFlashDrive.java" md5: c13c1b55c41f388218f687798b0a3207
endProcessing "com/mrcrayfish/device/item/ItemFlashDrive.java"

startProcessing "com/mrcrayfish/device/item/ItemMotherboard.java" md5: c1984640834ce9608da21e0acc771708
endProcessing "com/mrcrayfish/device/item/ItemMotherboard.java"

startProcessing "com/mrcrayfish/device/item/ItemPaper.java" md5: 8715910edfd96121492f560dcbb67a45
endProcessing "com/mrcrayfish/device/item/ItemPaper.java"

startProcessing "com/mrcrayfish/device/item/SubItems.java" md5: 335a9f6750470019f642b192145736b0
endProcessing "com/mrcrayfish/device/item/SubItems.java"

startProcessing "com/mrcrayfish/device/jei/CraftingPlugin.java" md5: a757080c64ee64cfbb2038e45cac0fa0
endProcessing "com/mrcrayfish/device/jei/CraftingPlugin.java"

startProcessing "com/mrcrayfish/device/jei/LaptopRecipeMaker.java" md5: ce60ea957ac0aa0a15c1e742de7142c9
endProcessing "com/mrcrayfish/device/jei/LaptopRecipeMaker.java"

startProcessing "com/mrcrayfish/device/jei/LaptopRecipeWrapper.java" md5: e05d34c525f216d8c8eb6f9e6c373a33
endProcessing "com/mrcrayfish/device/jei/LaptopRecipeWrapper.java"

startProcessing "com/mrcrayfish/device/network/PacketHandler.java" md5: 2d570ab98954b3f38cbb42c796e3c0c3
endProcessing "com/mrcrayfish/device/network/PacketHandler.java"

startProcessing "com/mrcrayfish/device/network/task/MessageNotification.java" md5: 80e64b53af2c8f857d8c57df561f4573
endProcessing "com/mrcrayfish/device/network/task/MessageNotification.java"

startProcessing "com/mrcrayfish/device/network/task/MessageRequest.java" md5: 9565dc1bafe3e6a9525bab513796b20a
endProcessing "com/mrcrayfish/device/network/task/MessageRequest.java"

startProcessing "com/mrcrayfish/device/network/task/MessageResponse.java" md5: 1398400d55d7b9724b41ff9e96f8e9ca
endProcessing "com/mrcrayfish/device/network/task/MessageResponse.java"

startProcessing "com/mrcrayfish/device/network/task/MessageSyncApplications.java" md5: 02021f3e761325fb2086669bf163f5af
endProcessing "com/mrcrayfish/device/network/task/MessageSyncApplications.java"

startProcessing "com/mrcrayfish/device/network/task/MessageSyncBlock.java" md5: 68917e247596c407d43e8f80579bbafb
endProcessing "com/mrcrayfish/device/network/task/MessageSyncBlock.java"

startProcessing "com/mrcrayfish/device/network/task/MessageSyncConfig.java" md5: d282a1416b87b39ebe040acd26c45a50
endProcessing "com/mrcrayfish/device/network/task/MessageSyncConfig.java"

startProcessing "com/mrcrayfish/device/object/AppInfo.java" md5: 077b07902d10410c979779eb47b48403
endProcessing "com/mrcrayfish/device/object/AppInfo.java"

startProcessing "com/mrcrayfish/device/object/Bounds.java" md5: 8249ba78ee558ac9c642b6ddc00435d2
endProcessing "com/mrcrayfish/device/object/Bounds.java"

startProcessing "com/mrcrayfish/device/object/Canvas.java" md5: 9b72100e41e4498b3d41e4dee0f6eb19
endProcessing "com/mrcrayfish/device/object/Canvas.java"

startProcessing "com/mrcrayfish/device/object/ColorGrid.java" md5: ef103f8b3e888cfd10c855ad3cbbdcf3
endProcessing "com/mrcrayfish/device/object/ColorGrid.java"

startProcessing "com/mrcrayfish/device/object/Game.java" md5: 75a25562e81a2b9341bb375f3255db28
endProcessing "com/mrcrayfish/device/object/Game.java"

startProcessing "com/mrcrayfish/device/object/Picture.java" md5: 3a04f2774a49cd26c1d65852e4434b0e
endProcessing "com/mrcrayfish/device/object/Picture.java"

startProcessing "com/mrcrayfish/device/object/Player.java" md5: 4218bfb34464536e3cf417211d35af40
endProcessing "com/mrcrayfish/device/object/Player.java"

startProcessing "com/mrcrayfish/device/object/TileGrid.java" md5: 43e291e234146d901d2597517a7a34a4
endProcessing "com/mrcrayfish/device/object/TileGrid.java"

startProcessing "com/mrcrayfish/device/object/Tool.java" md5: cb8adea2fef29a7021f99e1e2b25957f
endProcessing "com/mrcrayfish/device/object/Tool.java"

startProcessing "com/mrcrayfish/device/object/TrayItem.java" md5: 0cc8e04d45ed26fbeb7d046492a0ff5a
endProcessing "com/mrcrayfish/device/object/TrayItem.java"

startProcessing "com/mrcrayfish/device/object/tiles/Tile.java" md5: dd2c4e1d2126cd789df6aebaa6cf795a
endProcessing "com/mrcrayfish/device/object/tiles/Tile.java"

startProcessing "com/mrcrayfish/device/object/tiles/TileBlock.java" md5: 90168a4582e71cce8d470e93f5834670
endProcessing "com/mrcrayfish/device/object/tiles/TileBlock.java"

startProcessing "com/mrcrayfish/device/object/tiles/TileCactus.java" md5: 9312c0f0242caf1c2636d13116f1384e
endProcessing "com/mrcrayfish/device/object/tiles/TileCactus.java"

startProcessing "com/mrcrayfish/device/object/tiles/TileEnchantmentTable.java" md5: 561561817ea2a61036222cf6542601f4
endProcessing "com/mrcrayfish/device/object/tiles/TileEnchantmentTable.java"

startProcessing "com/mrcrayfish/device/object/tiles/TileFlower.java" md5: 57a93b10e5ff18d43f21291b331aa7d3
endProcessing "com/mrcrayfish/device/object/tiles/TileFlower.java"

startProcessing "com/mrcrayfish/device/object/tiles/TileGrass.java" md5: b5515ed330909a774cb4a2526c647805
endProcessing "com/mrcrayfish/device/object/tiles/TileGrass.java"

startProcessing "com/mrcrayfish/device/object/tiles/TileWheat.java" md5: f2f25e2f9225d1eaf32e85013ec4782d
endProcessing "com/mrcrayfish/device/object/tiles/TileWheat.java"

startProcessing "com/mrcrayfish/device/object/tools/ToolBucket.java" md5: b0e5f1e0516bfcca25a3797be712c699
endProcessing "com/mrcrayfish/device/object/tools/ToolBucket.java"

startProcessing "com/mrcrayfish/device/object/tools/ToolEraser.java" md5: d3c7e49faffc2d9a6028010bcb48c760
endProcessing "com/mrcrayfish/device/object/tools/ToolEraser.java"

startProcessing "com/mrcrayfish/device/object/tools/ToolEyeDropper.java" md5: eaf756b7c1655f69c9d8a65e6bb473a9
endProcessing "com/mrcrayfish/device/object/tools/ToolEyeDropper.java"

startProcessing "com/mrcrayfish/device/object/tools/ToolPencil.java" md5: 634e07e1fbc72b47de2df2e1f59f6277
endProcessing "com/mrcrayfish/device/object/tools/ToolPencil.java"

startProcessing "com/mrcrayfish/device/programs/ApplicationBoatRacers.java" md5: 85098b1d69b05814b86916dd21bb6354
endProcessing "com/mrcrayfish/device/programs/ApplicationBoatRacers.java"

startProcessing "com/mrcrayfish/device/programs/ApplicationIcons.java" md5: 6697d2e0013c6c68a83dacb086a3c96b
endProcessing "com/mrcrayfish/device/programs/ApplicationIcons.java"

startProcessing "com/mrcrayfish/device/programs/ApplicationNoteStash.java" md5: 5f17c189759961f0d9379da37a985040
endProcessing "com/mrcrayfish/device/programs/ApplicationNoteStash.java"

startProcessing "com/mrcrayfish/device/programs/ApplicationPixelPainter.java" md5: 9387eaf379dd7d2589357757821616b9
endProcessing "com/mrcrayfish/device/programs/ApplicationPixelPainter.java"

startProcessing "com/mrcrayfish/device/programs/ApplicationTest.java" md5: 5eb4aeb4d630bd2d76997b166362e57a
endProcessing "com/mrcrayfish/device/programs/ApplicationTest.java"

startProcessing "com/mrcrayfish/device/programs/auction/ApplicationMineBay.java" md5: 09d9dbd2f499d46f689fbd861ef9aa81
endProcessing "com/mrcrayfish/device/programs/auction/ApplicationMineBay.java"

startProcessing "com/mrcrayfish/device/programs/auction/AuctionManager.java" md5: c6cee286d69db88c7f76d9aced35de59
endProcessing "com/mrcrayfish/device/programs/auction/AuctionManager.java"

startProcessing "com/mrcrayfish/device/programs/auction/object/AuctionItem.java" md5: 53cab05e9c39ac4aeded92cc8fb4760d
endProcessing "com/mrcrayfish/device/programs/auction/object/AuctionItem.java"

startProcessing "com/mrcrayfish/device/programs/auction/task/TaskAddAuction.java" md5: 4b258db473afbf22ca0046fe045a92fb
endProcessing "com/mrcrayfish/device/programs/auction/task/TaskAddAuction.java"

startProcessing "com/mrcrayfish/device/programs/auction/task/TaskBuyItem.java" md5: 4711909fa34a7f7ea89036f7849eb98f
endProcessing "com/mrcrayfish/device/programs/auction/task/TaskBuyItem.java"

startProcessing "com/mrcrayfish/device/programs/auction/task/TaskGetAuctions.java" md5: ab144ddf5775a909ff4b7a159f56d36f
endProcessing "com/mrcrayfish/device/programs/auction/task/TaskGetAuctions.java"

startProcessing "com/mrcrayfish/device/programs/debug/ApplicationTextArea.java" md5: 4cd053ec3e3e1dfde1a6f726257c2e2e
endProcessing "com/mrcrayfish/device/programs/debug/ApplicationTextArea.java"

startProcessing "com/mrcrayfish/device/programs/email/ApplicationEmail.java" md5: 09f2c7a179420ccfab0c060e272418bf
endProcessing "com/mrcrayfish/device/programs/email/ApplicationEmail.java"

startProcessing "com/mrcrayfish/device/programs/email/EmailManager.java" md5: ffae44b0e3af857c5a71874e0bbdd4a9
endProcessing "com/mrcrayfish/device/programs/email/EmailManager.java"

startProcessing "com/mrcrayfish/device/programs/email/object/Contact.java" md5: 7fd9864d171a000e3d24702d68dbffb9
endProcessing "com/mrcrayfish/device/programs/email/object/Contact.java"

startProcessing "com/mrcrayfish/device/programs/email/object/Email.java" md5: 1975f17df2464a477f6d173d56197ede
endProcessing "com/mrcrayfish/device/programs/email/object/Email.java"

startProcessing "com/mrcrayfish/device/programs/email/task/TaskCheckEmailAccount.java" md5: b5550dcf1d799c00f18b832d4063c6dc
endProcessing "com/mrcrayfish/device/programs/email/task/TaskCheckEmailAccount.java"

startProcessing "com/mrcrayfish/device/programs/email/task/TaskDeleteEmail.java" md5: c9d46935a2d3c6ea027f1e7d6bf42e30
endProcessing "com/mrcrayfish/device/programs/email/task/TaskDeleteEmail.java"

startProcessing "com/mrcrayfish/device/programs/email/task/TaskRegisterEmailAccount.java" md5: 195c0663f7a814aa4b7df7afcd8cfbbc
endProcessing "com/mrcrayfish/device/programs/email/task/TaskRegisterEmailAccount.java"

startProcessing "com/mrcrayfish/device/programs/email/task/TaskSendEmail.java" md5: 2a5c4033816d10b015a114a0bfd1cc5a
endProcessing "com/mrcrayfish/device/programs/email/task/TaskSendEmail.java"

startProcessing "com/mrcrayfish/device/programs/email/task/TaskUpdateInbox.java" md5: 1d645278495d3847d854082534c24576
endProcessing "com/mrcrayfish/device/programs/email/task/TaskUpdateInbox.java"

startProcessing "com/mrcrayfish/device/programs/email/task/TaskViewEmail.java" md5: d1b6727b49d0e5075622a082d1fb8187
endProcessing "com/mrcrayfish/device/programs/email/task/TaskViewEmail.java"

startProcessing "com/mrcrayfish/device/programs/example/ApplicationExample.java" md5: 1745adf0ee91ccb5d15d0b873f15ff33
endProcessing "com/mrcrayfish/device/programs/example/ApplicationExample.java"

startProcessing "com/mrcrayfish/device/programs/example/task/TaskNotificationTest.java" md5: b29871d53120162c850e7e95d1bccb1a
endProcessing "com/mrcrayfish/device/programs/example/task/TaskNotificationTest.java"

startProcessing "com/mrcrayfish/device/programs/gitweb/ApplicationGitWeb.java" md5: 37ff81ddd56680c4f888ab5cb92ccbfb
endProcessing "com/mrcrayfish/device/programs/gitweb/ApplicationGitWeb.java"

startProcessing "com/mrcrayfish/device/programs/gitweb/component/GitWebFrame.java" md5: a360698ffa92ba6f3667f88a4795fdbb
endProcessing "com/mrcrayfish/device/programs/gitweb/component/GitWebFrame.java"

startProcessing "com/mrcrayfish/device/programs/gitweb/component/container/AnvilBox.java" md5: 343b40671dd3e921fad78525ae50b354
endProcessing "com/mrcrayfish/device/programs/gitweb/component/container/AnvilBox.java"

startProcessing "com/mrcrayfish/device/programs/gitweb/component/container/BrewingBox.java" md5: dd141a5fe2f285f5471862c9bbdd18e9
endProcessing "com/mrcrayfish/device/programs/gitweb/component/container/BrewingBox.java"

startProcessing "com/mrcrayfish/device/programs/gitweb/component/container/ContainerBox.java" md5: a48aad9b3f95433420ca9d1a46261f4e
endProcessing "com/mrcrayfish/device/programs/gitweb/component/container/ContainerBox.java"

startProcessing "com/mrcrayfish/device/programs/gitweb/component/container/CraftingBox.java" md5: 315373bf254618cc305611cc7da406e2
endProcessing "com/mrcrayfish/device/programs/gitweb/component/container/CraftingBox.java"

startProcessing "com/mrcrayfish/device/programs/gitweb/component/container/FurnaceBox.java" md5: 734e1bf260821f61b6c5f3877af23d59
endProcessing "com/mrcrayfish/device/programs/gitweb/component/container/FurnaceBox.java"

startProcessing "com/mrcrayfish/device/programs/gitweb/layout/TextLayout.java" md5: 997a049db3fd50d3413bf08ba1b95dd4
endProcessing "com/mrcrayfish/device/programs/gitweb/layout/TextLayout.java"

startProcessing "com/mrcrayfish/device/programs/gitweb/module/AnvilModule.java" md5: dc63b542bbeae08284039cf1e13c9100
endProcessing "com/mrcrayfish/device/programs/gitweb/module/AnvilModule.java"

startProcessing "com/mrcrayfish/device/programs/gitweb/module/BannerModule.java" md5: c4b66f3d31e43ae12807ba7de4fc646f
endProcessing "com/mrcrayfish/device/programs/gitweb/module/BannerModule.java"

startProcessing "com/mrcrayfish/device/programs/gitweb/module/BrewingModule.java" md5: 0d4104be572a2e3dd3cd80127912cdc6
endProcessing "com/mrcrayfish/device/programs/gitweb/module/BrewingModule.java"

startProcessing "com/mrcrayfish/device/programs/gitweb/module/ContainerModule.java" md5: 09d65f9547bc300bd941325ae4028122
endProcessing "com/mrcrayfish/device/programs/gitweb/module/ContainerModule.java"

startProcessing "com/mrcrayfish/device/programs/gitweb/module/CraftingModule.java" md5: f91404c7587bbcfa093a812f18eaacb1
endProcessing "com/mrcrayfish/device/programs/gitweb/module/CraftingModule.java"

startProcessing "com/mrcrayfish/device/programs/gitweb/module/DividerModule.java" md5: 948eb54ad02132f5c10cf50359848b44
endProcessing "com/mrcrayfish/device/programs/gitweb/module/DividerModule.java"

startProcessing "com/mrcrayfish/device/programs/gitweb/module/DownloadModule.java" md5: 95bb5d0fd546f50a7f92c1ae292692e0
endProcessing "com/mrcrayfish/device/programs/gitweb/module/DownloadModule.java"

startProcessing "com/mrcrayfish/device/programs/gitweb/module/FooterModule.java" md5: 58150478425014f08ae421fbc57adc00
endProcessing "com/mrcrayfish/device/programs/gitweb/module/FooterModule.java"

startProcessing "com/mrcrayfish/device/programs/gitweb/module/FurnaceModule.java" md5: 01c2d12019a755ca41ee15e274211b89
endProcessing "com/mrcrayfish/device/programs/gitweb/module/FurnaceModule.java"

startProcessing "com/mrcrayfish/device/programs/gitweb/module/HeaderModule.java" md5: cdeaa28468486b0ad7fedd86e039da44
endProcessing "com/mrcrayfish/device/programs/gitweb/module/HeaderModule.java"

startProcessing "com/mrcrayfish/device/programs/gitweb/module/Module.java" md5: 5147b530dde158dcdd318c318596757b
endProcessing "com/mrcrayfish/device/programs/gitweb/module/Module.java"

startProcessing "com/mrcrayfish/device/programs/gitweb/module/ModuleEntry.java" md5: 863dafb483bc3072e20f51978b8e127e
endProcessing "com/mrcrayfish/device/programs/gitweb/module/ModuleEntry.java"

startProcessing "com/mrcrayfish/device/programs/gitweb/module/NavigationModule.java" md5: f7fb59ecfd4922ef70148b9d76c89e68
endProcessing "com/mrcrayfish/device/programs/gitweb/module/NavigationModule.java"

startProcessing "com/mrcrayfish/device/programs/gitweb/module/ParagraphModule.java" md5: 64f76670ffc30c0e8c4a38a9614e81d6
endProcessing "com/mrcrayfish/device/programs/gitweb/module/ParagraphModule.java"

startProcessing "com/mrcrayfish/device/programs/system/ApplicationAppStore.java" md5: 38c1fbf92bb3266465b011954e665c13
endProcessing "com/mrcrayfish/device/programs/system/ApplicationAppStore.java"

startProcessing "com/mrcrayfish/device/programs/system/ApplicationBank.java" md5: 723c45b5539cf57a3c6b1657791d270f
endProcessing "com/mrcrayfish/device/programs/system/ApplicationBank.java"

startProcessing "com/mrcrayfish/device/programs/system/ApplicationFileBrowser.java" md5: 8c0ad347326b4f8d231554b47b9cce79
endProcessing "com/mrcrayfish/device/programs/system/ApplicationFileBrowser.java"

startProcessing "com/mrcrayfish/device/programs/system/ApplicationSettings.java" md5: 397811c6435468c9ec21dee97ed46425
endProcessing "com/mrcrayfish/device/programs/system/ApplicationSettings.java"

startProcessing "com/mrcrayfish/device/programs/system/SystemApplication.java" md5: 8fdf5fe688b1cd1b0a025d8bedbd28c2
endProcessing "com/mrcrayfish/device/programs/system/SystemApplication.java"

startProcessing "com/mrcrayfish/device/programs/system/component/AppGrid.java" md5: c4a70edc925a7203684dd74c04cfd254
endProcessing "com/mrcrayfish/device/programs/system/component/AppGrid.java"

startProcessing "com/mrcrayfish/device/programs/system/component/FileBrowser.java" md5: 9cbaf89855e15b6a47c8f3f75ef54677
endProcessing "com/mrcrayfish/device/programs/system/component/FileBrowser.java"

startProcessing "com/mrcrayfish/device/programs/system/component/Palette.java" md5: 1eb57484eb00eddca4d8e98228595634
endProcessing "com/mrcrayfish/device/programs/system/component/Palette.java"

startProcessing "com/mrcrayfish/device/programs/system/component/SlideShow.java" md5: a3004d5b3c6e595497f4fb35e556f63f
endProcessing "com/mrcrayfish/device/programs/system/component/SlideShow.java"

startProcessing "com/mrcrayfish/device/programs/system/layout/LayoutAppPage.java" md5: 70d5727a42f15698653deb09d534e38a
endProcessing "com/mrcrayfish/device/programs/system/layout/LayoutAppPage.java"

startProcessing "com/mrcrayfish/device/programs/system/layout/LayoutSearchApps.java" md5: 47055f809ee105f14a2e5e6b7c0385c7
endProcessing "com/mrcrayfish/device/programs/system/layout/LayoutSearchApps.java"

startProcessing "com/mrcrayfish/device/programs/system/layout/StandardLayout.java" md5: bd751c4713f738c9e4287e1f159d4c33
endProcessing "com/mrcrayfish/device/programs/system/layout/StandardLayout.java"

startProcessing "com/mrcrayfish/device/programs/system/object/Account.java" md5: 5acb591eb153cae8b81a0c392609a491
endProcessing "com/mrcrayfish/device/programs/system/object/Account.java"

startProcessing "com/mrcrayfish/device/programs/system/object/AppEntry.java" md5: abb36c38b362bda05911f9ee8186d687
endProcessing "com/mrcrayfish/device/programs/system/object/AppEntry.java"

startProcessing "com/mrcrayfish/device/programs/system/object/ColorScheme.java" md5: a3ec42220ec90073fb9b6233d940d712
endProcessing "com/mrcrayfish/device/programs/system/object/ColorScheme.java"

startProcessing "com/mrcrayfish/device/programs/system/object/ImageEntry.java" md5: 295b0fc460ab2060023f5f74fe509f57
endProcessing "com/mrcrayfish/device/programs/system/object/ImageEntry.java"

startProcessing "com/mrcrayfish/device/programs/system/object/LocalEntry.java" md5: bd0e6c35cab2d0484b1154608b56263c
endProcessing "com/mrcrayfish/device/programs/system/object/LocalEntry.java"

startProcessing "com/mrcrayfish/device/programs/system/object/RemoteEntry.java" md5: d40e1f41193cfc8c72515627ec6ddb2d
endProcessing "com/mrcrayfish/device/programs/system/object/RemoteEntry.java"

startProcessing "com/mrcrayfish/device/programs/system/task/TaskAdd.java" md5: 61d5e63fa87e981ae9f8d8acb3070b31
endProcessing "com/mrcrayfish/device/programs/system/task/TaskAdd.java"

startProcessing "com/mrcrayfish/device/programs/system/task/TaskDeposit.java" md5: fa393ae2f907642e5a11de810764da0f
endProcessing "com/mrcrayfish/device/programs/system/task/TaskDeposit.java"

startProcessing "com/mrcrayfish/device/programs/system/task/TaskGetBalance.java" md5: 89225cb674699fe0f64007eeb744c92f
endProcessing "com/mrcrayfish/device/programs/system/task/TaskGetBalance.java"

startProcessing "com/mrcrayfish/device/programs/system/task/TaskPay.java" md5: eef6380af84a37da16bb02ebc6b63a3c
endProcessing "com/mrcrayfish/device/programs/system/task/TaskPay.java"

startProcessing "com/mrcrayfish/device/programs/system/task/TaskRemove.java" md5: d2121d62570e513f57028d443645d0a1
endProcessing "com/mrcrayfish/device/programs/system/task/TaskRemove.java"

startProcessing "com/mrcrayfish/device/programs/system/task/TaskUpdateApplicationData.java" md5: 7de62d938bd6e36c904f90c132ae24a2
endProcessing "com/mrcrayfish/device/programs/system/task/TaskUpdateApplicationData.java"

startProcessing "com/mrcrayfish/device/programs/system/task/TaskUpdateSystemData.java" md5: feb0039af7f0f32dd9e266dce094bf2d
endProcessing "com/mrcrayfish/device/programs/system/task/TaskUpdateSystemData.java"

startProcessing "com/mrcrayfish/device/programs/system/task/TaskWithdraw.java" md5: d552e740663bf4da54fcb9df1ea7161c
endProcessing "com/mrcrayfish/device/programs/system/task/TaskWithdraw.java"

startProcessing "com/mrcrayfish/device/proxy/ClientProxy.java" md5: 714feda04286c7240de5b6432bd95e7b
endProcessing "com/mrcrayfish/device/proxy/ClientProxy.java"

startProcessing "com/mrcrayfish/device/proxy/CommonProxy.java" md5: 4269cc46dc2aed5348d81ee5fcb440f1
endProcessing "com/mrcrayfish/device/proxy/CommonProxy.java"

startProcessing "com/mrcrayfish/device/recipe/RecipeCutPaper.java" md5: 1ba6a2c054f2919caff67b13ba92448a
endProcessing "com/mrcrayfish/device/recipe/RecipeCutPaper.java"

startProcessing "com/mrcrayfish/device/recipe/RecipeLaptop.java" md5: fa0bde4a6eff11d350decef8293a7cf6
endProcessing "com/mrcrayfish/device/recipe/RecipeLaptop.java"

startProcessing "com/mrcrayfish/device/recipe/RecipeMotherboard.java" md5: 6e2f3f457648ee392fc22b32c704eefd
endProcessing "com/mrcrayfish/device/recipe/RecipeMotherboard.java"

startProcessing "com/mrcrayfish/device/tileentity/TileEntityDevice.java" md5: ffcbecee183e4e4ca036bc32a84ee662
endProcessing "com/mrcrayfish/device/tileentity/TileEntityDevice.java"

startProcessing "com/mrcrayfish/device/tileentity/TileEntityLaptop.java" md5: 7f5adca3a22e74f6a3d8731074d2f04b
endProcessing "com/mrcrayfish/device/tileentity/TileEntityLaptop.java"

startProcessing "com/mrcrayfish/device/tileentity/TileEntityNetworkDevice.java" md5: 69fbcc0a94a4963b6feeba9711762a29
endProcessing "com/mrcrayfish/device/tileentity/TileEntityNetworkDevice.java"

startProcessing "com/mrcrayfish/device/tileentity/TileEntityOfficeChair.java" md5: 64fce7e61c55e1dc35b8b2fe1f8e8156
endProcessing "com/mrcrayfish/device/tileentity/TileEntityOfficeChair.java"

startProcessing "com/mrcrayfish/device/tileentity/TileEntityPaper.java" md5: c45a1e56279b1359f95c006f45a865ff
endProcessing "com/mrcrayfish/device/tileentity/TileEntityPaper.java"

startProcessing "com/mrcrayfish/device/tileentity/TileEntityPrinter.java" md5: 2c5dac43d687926f95779cdc60267c86
endProcessing "com/mrcrayfish/device/tileentity/TileEntityPrinter.java"

startProcessing "com/mrcrayfish/device/tileentity/TileEntityRouter.java" md5: abe1d142142447794a8474c714ac907c
endProcessing "com/mrcrayfish/device/tileentity/TileEntityRouter.java"

startProcessing "com/mrcrayfish/device/tileentity/TileEntitySync.java" md5: a9659f2ef7835373e89be9a2dd81b728
endProcessing "com/mrcrayfish/device/tileentity/TileEntitySync.java"

startProcessing "com/mrcrayfish/device/tileentity/render/LaptopRenderer.java" md5: c83ec4f9f6eda86e9919893d6558d05a
endProcessing "com/mrcrayfish/device/tileentity/render/LaptopRenderer.java"

startProcessing "com/mrcrayfish/device/tileentity/render/OfficeChairRenderer.java" md5: e26796199c5d5b60d5b50f509f6a166d
endProcessing "com/mrcrayfish/device/tileentity/render/OfficeChairRenderer.java"

startProcessing "com/mrcrayfish/device/tileentity/render/PaperRenderer.java" md5: 854450547170b1620337db8756a0e455
endProcessing "com/mrcrayfish/device/tileentity/render/PaperRenderer.java"

startProcessing "com/mrcrayfish/device/tileentity/render/PrinterRenderer.java" md5: 4892f84f1811fcd78376e49adabe728b
endProcessing "com/mrcrayfish/device/tileentity/render/PrinterRenderer.java"

startProcessing "com/mrcrayfish/device/tileentity/render/RouterRenderer.java" md5: 27468be08d057ced1e293a267ea1ba88
endProcessing "com/mrcrayfish/device/tileentity/render/RouterRenderer.java"

startProcessing "com/mrcrayfish/device/util/CollisionHelper.java" md5: 14df4e4308c53a585e89447be8cfc9ca
endProcessing "com/mrcrayfish/device/util/CollisionHelper.java"

startProcessing "com/mrcrayfish/device/util/GLHelper.java" md5: fe7781d99a2bb3077f0f76a97d67a656
endProcessing "com/mrcrayfish/device/util/GLHelper.java"

startProcessing "com/mrcrayfish/device/util/GuiHelper.java" md5: 835015ff39d11b1c7a785c1d7c1e782e
endProcessing "com/mrcrayfish/device/util/GuiHelper.java"

startProcessing "com/mrcrayfish/device/util/IColored.java" md5: b4b678518eae68d66b0a03c8a9a8d45a
endProcessing "com/mrcrayfish/device/util/IColored.java"

startProcessing "com/mrcrayfish/device/util/InventoryUtil.java" md5: d19d3296495346f4944865a89b56a3f4
endProcessing "com/mrcrayfish/device/util/InventoryUtil.java"

startProcessing "com/mrcrayfish/device/util/SeatUtil.java" md5: 0fd848bdf010bde418c76645db5734ba
endProcessing "com/mrcrayfish/device/util/SeatUtil.java"

startProcessing "com/mrcrayfish/device/util/StreamUtils.java" md5: 29de7972fcfada2e3fe21e04180099bd
endProcessing "com/mrcrayfish/device/util/StreamUtils.java"

startProcessing "com/mrcrayfish/device/util/TileEntityUtil.java" md5: ef72259856934356d3416765f9ed3a87
endProcessing "com/mrcrayfish/device/util/TileEntityUtil.java"

startProcessing "com/mrcrayfish/device/util/TimeUtil.java" md5: c97b0ab74f7fb03f4ecc0123c3cfd24c
endProcessing "com/mrcrayfish/device/util/TimeUtil.java"

startProcessing "com/mrcrayfish/device/util/Vec2d.java" md5: d6de8fbad0788b60a903b897eb146135
endProcessing "com/mrcrayfish/device/util/Vec2d.java"

